# JRE version: OpenJDK Runtime Environment Temurin-21.0.5+11 (21.0.5+11) (build 21.0.5+11-LTS)
# Java VM: OpenJDK 64-Bit Server VM Temurin-21.0.5+11 (21.0.5+11-LTS, mixed mode, sharing, tiered, compressed oops, compressed class ptrs, parallel gc, windows-amd64)
GC Precious Log:
 CardTable entry size: 512
 CPUs: 8 total, 8 available
 Memory: 16158M
 Large Page Support: Disabled
 NUMA Support: Disabled
 Compressed Oops: Enabled (32-bit)
 Alignments: Space 512K, Generation 512K, Heap 2M
 Heap Min Capacity: 100M
 Heap Initial Capacity: 100M
 Heap Max Capacity: 1G
 Pre-touch: Disabled
 Parallel Workers: 8
Heap:
 PSYoungGen      total 9216K, used 8727K [0x00000000eab00000, 0x00000000eb880000, 0x0000000100000000)
  eden space 6656K, 100% used [0x00000000eab00000,0x00000000eb180000,0x00000000eb180000)
  from space 2560K, 80% used [0x00000000eb600000,0x00000000eb805fd0,0x00000000eb880000)
  to   space 3072K, 41% used [0x00000000eb280000,0x00000000eb3beac0,0x00000000eb580000)
 ParOldGen       total 134656K, used 134358K [0x00000000c0000000, 0x00000000c8380000, 0x00000000eab00000)
  object space 134656K, 99% used [0x00000000c0000000,0x00000000c8335958,0x00000000c8380000)
 Metaspace       used 66023K, committed 67456K, reserved 1114112K
  class space    used 6936K, committed 7552K, reserved 1048576K
GC Heap History (20 events):
Event: 42.390 GC heap before
{Heap before GC invocations=52 (full 3):
 PSYoungGen      total 15360K, used 15224K [0x00000000eab00000, 0x00000000ebe80000, 0x0000000100000000)
  eden space 12288K, 100% used [0x00000000eab00000,0x00000000eb700000,0x00000000eb700000)
  from space 3072K, 95% used [0x00000000ebb80000,0x00000000ebe5e158,0x00000000ebe80000)
  to   space 3584K, 0% used [0x00000000eb780000,0x00000000eb780000,0x00000000ebb00000)
 ParOldGen       total 87040K, used 86903K [0x00000000c0000000, 0x00000000c5500000, 0x00000000eab00000)
  object space 87040K, 99% used [0x00000000c0000000,0x00000000c54dddd0,0x00000000c5500000)
 Metaspace       used 63109K, committed 64384K, reserved 1114112K
  class space    used 6688K, committed 7232K, reserved 1048576K
}
Event: 42.394 GC heap after
{Heap after GC invocations=52 (full 3):
 PSYoungGen      total 15872K, used 3234K [0x00000000eab00000, 0x00000000ebe00000, 0x0000000100000000)
  eden space 12288K, 0% used [0x00000000eab00000,0x00000000eab00000,0x00000000eb700000)
  from space 3584K, 90% used [0x00000000eb780000,0x00000000ebaa8bb8,0x00000000ebb00000)
  to   space 3072K, 0% used [0x00000000ebb00000,0x00000000ebb00000,0x00000000ebe00000)
 ParOldGen       total 90112K, used 89681K [0x00000000c0000000, 0x00000000c5800000, 0x00000000eab00000)
  object space 90112K, 99% used [0x00000000c0000000,0x00000000c5794558,0x00000000c5800000)
 Metaspace       used 63109K, committed 64384K, reserved 1114112K
  class space    used 6688K, committed 7232K, reserved 1048576K
}
Event: 42.598 GC heap before
{Heap before GC invocations=53 (full 3):
 PSYoungGen      total 15872K, used 15522K [0x00000000eab00000, 0x00000000ebe00000, 0x0000000100000000)
  eden space 12288K, 99% used [0x00000000eab00000,0x00000000eb6ffcc0,0x00000000eb700000)
  from space 3584K, 90% used [0x00000000eb780000,0x00000000ebaa8bb8,0x00000000ebb00000)
  to   space 3072K, 0% used [0x00000000ebb00000,0x00000000ebb00000,0x00000000ebe00000)
 ParOldGen       total 90112K, used 89681K [0x00000000c0000000, 0x00000000c5800000, 0x00000000eab00000)
  object space 90112K, 99% used [0x00000000c0000000,0x00000000c5794558,0x00000000c5800000)
 Metaspace       used 63979K, committed 65344K, reserved 1114112K
  class space    used 6772K, committed 7360K, reserved 1048576K
}
Event: 42.605 GC heap after
{Heap after GC invocations=53 (full 3):
 PSYoungGen      total 14336K, used 1592K [0x00000000eab00000, 0x00000000ebd00000, 0x0000000100000000)
  eden space 12288K, 0% used [0x00000000eab00000,0x00000000eab00000,0x00000000eb700000)
  from space 2048K, 77% used [0x00000000ebb00000,0x00000000ebc8e050,0x00000000ebd00000)
  to   space 2560K, 0% used [0x00000000eb800000,0x00000000eb800000,0x00000000eba80000)
 ParOldGen       total 93184K, used 92727K [0x00000000c0000000, 0x00000000c5b00000, 0x00000000eab00000)
  object space 93184K, 99% used [0x00000000c0000000,0x00000000c5a8dc10,0x00000000c5b00000)
 Metaspace       used 63979K, committed 65344K, reserved 1114112K
  class space    used 6772K, committed 7360K, reserved 1048576K
}
Event: 42.768 GC heap before
{Heap before GC invocations=54 (full 3):
 PSYoungGen      total 14336K, used 13880K [0x00000000eab00000, 0x00000000ebd00000, 0x0000000100000000)
  eden space 12288K, 100% used [0x00000000eab00000,0x00000000eb700000,0x00000000eb700000)
  from space 2048K, 77% used [0x00000000ebb00000,0x00000000ebc8e050,0x00000000ebd00000)
  to   space 2560K, 0% used [0x00000000eb800000,0x00000000eb800000,0x00000000eba80000)
 ParOldGen       total 93184K, used 92727K [0x00000000c0000000, 0x00000000c5b00000, 0x00000000eab00000)
  object space 93184K, 99% used [0x00000000c0000000,0x00000000c5a8dc10,0x00000000c5b00000)
 Metaspace       used 64295K, committed 65600K, reserved 1114112K
  class space    used 6797K, committed 7360K, reserved 1048576K
}
Event: 42.775 GC heap after
{Heap after GC invocations=54 (full 3):
 PSYoungGen      total 14848K, used 2273K [0x00000000eab00000, 0x00000000ebc00000, 0x0000000100000000)
  eden space 12288K, 0% used [0x00000000eab00000,0x00000000eab00000,0x00000000eb700000)
  from space 2560K, 88% used [0x00000000eb800000,0x00000000eba38778,0x00000000eba80000)
  to   space 1536K, 0% used [0x00000000eba80000,0x00000000eba80000,0x00000000ebc00000)
 ParOldGen       total 94208K, used 93999K [0x00000000c0000000, 0x00000000c5c00000, 0x00000000eab00000)
  object space 94208K, 99% used [0x00000000c0000000,0x00000000c5bcbfc8,0x00000000c5c00000)
 Metaspace       used 64295K, committed 65600K, reserved 1114112K
  class space    used 6797K, committed 7360K, reserved 1048576K
}
Event: 43.054 GC heap before
{Heap before GC invocations=55 (full 3):
 PSYoungGen      total 14848K, used 14552K [0x00000000eab00000, 0x00000000ebc00000, 0x0000000100000000)
  eden space 12288K, 99% used [0x00000000eab00000,0x00000000eb6fda20,0x00000000eb700000)
  from space 2560K, 88% used [0x00000000eb800000,0x00000000eba38778,0x00000000eba80000)
  to   space 1536K, 0% used [0x00000000eba80000,0x00000000eba80000,0x00000000ebc00000)
 ParOldGen       total 94208K, used 93999K [0x00000000c0000000, 0x00000000c5c00000, 0x00000000eab00000)
  object space 94208K, 99% used [0x00000000c0000000,0x00000000c5bcbfc8,0x00000000c5c00000)
 Metaspace       used 64851K, committed 66176K, reserved 1114112K
  class space    used 6833K, committed 7424K, reserved 1048576K
}
Event: 43.062 GC heap after
{Heap after GC invocations=55 (full 3):
 PSYoungGen      total 10240K, used 1520K [0x00000000eab00000, 0x00000000ec500000, 0x0000000100000000)
  eden space 8704K, 0% used [0x00000000eab00000,0x00000000eab00000,0x00000000eb380000)
  from space 1536K, 98% used [0x00000000eba80000,0x00000000ebbfc030,0x00000000ebc00000)
  to   space 7168K, 0% used [0x00000000eb380000,0x00000000eb380000,0x00000000eba80000)
 ParOldGen       total 98816K, used 98630K [0x00000000c0000000, 0x00000000c6080000, 0x00000000eab00000)
  object space 98816K, 99% used [0x00000000c0000000,0x00000000c60518f8,0x00000000c6080000)
 Metaspace       used 64851K, committed 66176K, reserved 1114112K
  class space    used 6833K, committed 7424K, reserved 1048576K
}
Event: 43.148 GC heap before
{Heap before GC invocations=56 (full 3):
 PSYoungGen      total 10240K, used 10224K [0x00000000eab00000, 0x00000000ec500000, 0x0000000100000000)
  eden space 8704K, 100% used [0x00000000eab00000,0x00000000eb380000,0x00000000eb380000)
  from space 1536K, 98% used [0x00000000eba80000,0x00000000ebbfc030,0x00000000ebc00000)
  to   space 7168K, 0% used [0x00000000eb380000,0x00000000eb380000,0x00000000eba80000)
 ParOldGen       total 98816K, used 98630K [0x00000000c0000000, 0x00000000c6080000, 0x00000000eab00000)
  object space 98816K, 99% used [0x00000000c0000000,0x00000000c60518f8,0x00000000c6080000)
 Metaspace       used 65003K, committed 66368K, reserved 1114112K
  class space    used 6863K, committed 7488K, reserved 1048576K
}
Event: 43.152 GC heap after
{Heap after GC invocations=56 (full 3):
 PSYoungGen      total 13312K, used 4390K [0x00000000eab00000, 0x00000000ebd80000, 0x0000000100000000)
  eden space 8704K, 0% used [0x00000000eab00000,0x00000000eab00000,0x00000000eb380000)
  from space 4608K, 95% used [0x00000000eb380000,0x00000000eb7c9820,0x00000000eb800000)
  to   space 5120K, 0% used [0x00000000eb880000,0x00000000eb880000,0x00000000ebd80000)
 ParOldGen       total 100352K, used 100116K [0x00000000c0000000, 0x00000000c6200000, 0x00000000eab00000)
  object space 100352K, 99% used [0x00000000c0000000,0x00000000c61c52c0,0x00000000c6200000)
 Metaspace       used 65003K, committed 66368K, reserved 1114112K
  class space    used 6863K, committed 7488K, reserved 1048576K
}
Event: 43.353 GC heap before
{Heap before GC invocations=57 (full 3):
 PSYoungGen      total 13312K, used 13094K [0x00000000eab00000, 0x00000000ebd80000, 0x0000000100000000)
  eden space 8704K, 100% used [0x00000000eab00000,0x00000000eb380000,0x00000000eb380000)
  from space 4608K, 95% used [0x00000000eb380000,0x00000000eb7c9820,0x00000000eb800000)
  to   space 5120K, 0% used [0x00000000eb880000,0x00000000eb880000,0x00000000ebd80000)
 ParOldGen       total 100352K, used 100116K [0x00000000c0000000, 0x00000000c6200000, 0x00000000eab00000)
  object space 100352K, 99% used [0x00000000c0000000,0x00000000c61c52c0,0x00000000c6200000)
 Metaspace       used 65217K, committed 66560K, reserved 1114112K
  class space    used 6879K, committed 7488K, reserved 1048576K
}
Event: 43.362 GC heap after
{Heap after GC invocations=57 (full 3):
 PSYoungGen      total 11264K, used 2206K [0x00000000eab00000, 0x00000000ebb00000, 0x0000000100000000)
  eden space 8704K, 0% used [0x00000000eab00000,0x00000000eab00000,0x00000000eb380000)
  from space 2560K, 86% used [0x00000000eb880000,0x00000000ebaa78c8,0x00000000ebb00000)
  to   space 3584K, 0% used [0x00000000eb400000,0x00000000eb400000,0x00000000eb780000)
 ParOldGen       total 104960K, used 104370K [0x00000000c0000000, 0x00000000c6680000, 0x00000000eab00000)
  object space 104960K, 99% used [0x00000000c0000000,0x00000000c65ec908,0x00000000c6680000)
 Metaspace       used 65217K, committed 66560K, reserved 1114112K
  class space    used 6879K, committed 7488K, reserved 1048576K
}
Event: 43.686 GC heap before
{Heap before GC invocations=58 (full 3):
 PSYoungGen      total 11264K, used 10910K [0x00000000eab00000, 0x00000000ebb00000, 0x0000000100000000)
  eden space 8704K, 100% used [0x00000000eab00000,0x00000000eb380000,0x00000000eb380000)
  from space 2560K, 86% used [0x00000000eb880000,0x00000000ebaa78c8,0x00000000ebb00000)
  to   space 3584K, 0% used [0x00000000eb400000,0x00000000eb400000,0x00000000eb780000)
 ParOldGen       total 104960K, used 104370K [0x00000000c0000000, 0x00000000c6680000, 0x00000000eab00000)
  object space 104960K, 99% used [0x00000000c0000000,0x00000000c65ec908,0x00000000c6680000)
 Metaspace       used 65742K, committed 67136K, reserved 1114112K
  class space    used 6919K, committed 7552K, reserved 1048576K
}
Event: 43.690 GC heap after
{Heap after GC invocations=58 (full 3):
 PSYoungGen      total 10240K, used 1344K [0x00000000eab00000, 0x00000000eb900000, 0x0000000100000000)
  eden space 8704K, 0% used [0x00000000eab00000,0x00000000eab00000,0x00000000eb380000)
  from space 1536K, 87% used [0x00000000eb400000,0x00000000eb550130,0x00000000eb580000)
  to   space 2048K, 0% used [0x00000000eb700000,0x00000000eb700000,0x00000000eb900000)
 ParOldGen       total 105984K, used 105690K [0x00000000c0000000, 0x00000000c6780000, 0x00000000eab00000)
  object space 105984K, 99% used [0x00000000c0000000,0x00000000c6736968,0x00000000c6780000)
 Metaspace       used 65742K, committed 67136K, reserved 1114112K
  class space    used 6919K, committed 7552K, reserved 1048576K
}
Event: 43.780 GC heap before
{Heap before GC invocations=59 (full 3):
 PSYoungGen      total 10240K, used 9972K [0x00000000eab00000, 0x00000000eb900000, 0x0000000100000000)
  eden space 8704K, 99% used [0x00000000eab00000,0x00000000eb36d298,0x00000000eb380000)
  from space 1536K, 87% used [0x00000000eb400000,0x00000000eb550130,0x00000000eb580000)
  to   space 2048K, 0% used [0x00000000eb700000,0x00000000eb700000,0x00000000eb900000)
 ParOldGen       total 105984K, used 105690K [0x00000000c0000000, 0x00000000c6780000, 0x00000000eab00000)
  object space 105984K, 99% used [0x00000000c0000000,0x00000000c6736968,0x00000000c6780000)
 Metaspace       used 65761K, committed 67200K, reserved 1114112K
  class space    used 6920K, committed 7552K, reserved 1048576K
}
Event: 43.788 GC heap after
{Heap after GC invocations=59 (full 3):
 PSYoungGen      total 8704K, used 2045K [0x00000000eab00000, 0x00000000ebe80000, 0x0000000100000000)
  eden space 6656K, 0% used [0x00000000eab00000,0x00000000eab00000,0x00000000eb180000)
  from space 2048K, 99% used [0x00000000eb700000,0x00000000eb8ff630,0x00000000eb900000)
  to   space 5632K, 0% used [0x00000000eb180000,0x00000000eb180000,0x00000000eb700000)
 ParOldGen       total 108544K, used 108513K [0x00000000c0000000, 0x00000000c6a00000, 0x00000000eab00000)
  object space 108544K, 99% used [0x00000000c0000000,0x00000000c69f8738,0x00000000c6a00000)
 Metaspace       used 65761K, committed 67200K, reserved 1114112K
  class space    used 6920K, committed 7552K, reserved 1048576K
}
Event: 43.850 GC heap before
{Heap before GC invocations=60 (full 3):
 PSYoungGen      total 8704K, used 8701K [0x00000000eab00000, 0x00000000ebe80000, 0x0000000100000000)
  eden space 6656K, 100% used [0x00000000eab00000,0x00000000eb180000,0x00000000eb180000)
  from space 2048K, 99% used [0x00000000eb700000,0x00000000eb8ff630,0x00000000eb900000)
  to   space 5632K, 0% used [0x00000000eb180000,0x00000000eb180000,0x00000000eb700000)
 ParOldGen       total 108544K, used 108516K [0x00000000c0000000, 0x00000000c6a00000, 0x00000000eab00000)
  object space 108544K, 99% used [0x00000000c0000000,0x00000000c69f90c8,0x00000000c6a00000)
 Metaspace       used 65828K, committed 67264K, reserved 1114112K
  class space    used 6925K, committed 7552K, reserved 1048576K
}
Event: 43.854 GC heap after
{Heap after GC invocations=60 (full 3):
 PSYoungGen      total 11264K, used 4243K [0x00000000eab00000, 0x00000000eba80000, 0x0000000100000000)
  eden space 6656K, 0% used [0x00000000eab00000,0x00000000eab00000,0x00000000eb180000)
  from space 4608K, 92% used [0x00000000eb180000,0x00000000eb5a4e38,0x00000000eb600000)
  to   space 4608K, 0% used [0x00000000eb600000,0x00000000eb600000,0x00000000eba80000)
 ParOldGen       total 110080K, used 109619K [0x00000000c0000000, 0x00000000c6b80000, 0x00000000eab00000)
  object space 110080K, 99% used [0x00000000c0000000,0x00000000c6b0cc90,0x00000000c6b80000)
 Metaspace       used 65828K, committed 67264K, reserved 1114112K
  class space    used 6925K, committed 7552K, reserved 1048576K
}
Event: 43.904 GC heap before
{Heap before GC invocations=61 (full 3):
 PSYoungGen      total 11264K, used 10899K [0x00000000eab00000, 0x00000000eba80000, 0x0000000100000000)
  eden space 6656K, 100% used [0x00000000eab00000,0x00000000eb180000,0x00000000eb180000)
  from space 4608K, 92% used [0x00000000eb180000,0x00000000eb5a4e38,0x00000000eb600000)
  to   space 4608K, 0% used [0x00000000eb600000,0x00000000eb600000,0x00000000eba80000)
 ParOldGen       total 117760K, used 117279K [0x00000000c0000000, 0x00000000c7300000, 0x00000000eab00000)
  object space 117760K, 99% used [0x00000000c0000000,0x00000000c7287ca0,0x00000000c7300000)
 Metaspace       used 65900K, committed 67328K, reserved 1114112K
  class space    used 6932K, committed 7552K, reserved 1048576K
}
Event: 43.908 GC heap after
{Heap after GC invocations=61 (full 3):
 PSYoungGen      total 9216K, used 2071K [0x00000000eab00000, 0x00000000eb880000, 0x0000000100000000)
  eden space 6656K, 0% used [0x00000000eab00000,0x00000000eab00000,0x00000000eb180000)
  from space 2560K, 80% used [0x00000000eb600000,0x00000000eb805fd0,0x00000000eb880000)
  to   space 3072K, 0% used [0x00000000eb280000,0x00000000eb280000,0x00000000eb580000)
 ParOldGen       total 117760K, used 117548K [0x00000000c0000000, 0x00000000c7300000, 0x00000000eab00000)
  object space 117760K, 99% used [0x00000000c0000000,0x00000000c72cb1c8,0x00000000c7300000)
 Metaspace       used 65900K, committed 67328K, reserved 1114112K
  class space    used 6932K, committed 7552K, reserved 1048576K
}

